<?xml version="1.0" encoding="UTF-8"?>
<!-- Generated by org.testng.reporters.JUnitXMLReporter -->
<testsuite ignored="0" hostname="HAMILTON-QA1L" failures="0" tests="4" name="Test" time="26.661" errors="0" timestamp="2022-08-18T11:46:56 IST">
  <testcase classname="practice.eCartApp.HomePageTest" name="homePageNavigation" time="7.155"/>
  <testcase classname="practice.eCartApp.HomePageTest" name="cartPromoPage" time="11.298"/>
  <testcase classname="practice.eCartApp.HomePageTest" name="checkoutPage" time="5.49"/>
  <testcase classname="practice.eCartApp.ValidateTest" name="cart" time="2.677"/>
</testsuite> <!-- Test -->
