<?xml version="1.0" encoding="UTF-8"?>
<!-- Generated by org.testng.reporters.JUnitXMLReporter -->
<testsuite ignored="0" hostname="HAMILTON-QA1L" failures="1" tests="1" name="Validating Page" time="2.827" errors="0" timestamp="2022-08-22T14:17:01 IST">
  <testcase classname="practice.eCartApp.ValidateTest" name="cartApp" time="2.595">
    <failure type="java.lang.AssertionError" message="expected [GREENMART] but found [GREENKART]">
      <![CDATA[java.lang.AssertionError: expected [GREENMART] but found [GREENKART]
at practice.eCartApp.ValidateTest.cartApp(ValidateTest.java:27)
at java.base/java.util.ArrayList.forEach(ArrayList.java:1511)
... Removed 33 stack frames]]>
    </failure>
  </testcase> <!-- cartApp -->
</testsuite> <!-- Validating Page -->
