<?xml version="1.0" encoding="UTF-8"?>
<!-- Generated by org.testng.reporters.JUnitXMLReporter -->
<testsuite ignored="0" hostname="HAMILTON-QA1L" failures="1" tests="1" name="Validating Page" time="4.485" errors="0" timestamp="2022-08-21T13:31:28 IST">
  <testcase classname="practice.eCartApp.ValidateTest" name="cartApp" time="4.216">
    <failure type="java.lang.AssertionError" message="expected [GREENMART] but found [GREENKART]">
      <![CDATA[java.lang.AssertionError: expected [GREENMART] but found [GREENKART]
at practice.eCartApp.ValidateTest.cartApp(ValidateTest.java:27)
at java.base/java.util.ArrayList.forEach(ArrayList.java:1511)
at java.base/java.util.concurrent.FutureTask.run(FutureTask.java:264)
at java.base/java.util.concurrent.ThreadPoolExecutor.runWorker(ThreadPoolExecutor.java:1130)
at java.base/java.util.concurrent.ThreadPoolExecutor$Worker.run(ThreadPoolExecutor.java:630)
at java.base/java.lang.Thread.run(Thread.java:831)
... Removed 24 stack frames]]>
    </failure>
  </testcase> <!-- cartApp -->
</testsuite> <!-- Validating Page -->
