<?xml version="1.0" encoding="UTF-8"?>
<!-- Generated by org.testng.reporters.JUnitXMLReporter -->
<testsuite ignored="0" hostname="HAMILTON-QA1L" failures="0" tests="3" name="Validating Cart" time="21.718" errors="0" timestamp="2022-08-21T22:39:59 IST">
  <testcase classname="practice.eCartApp.HomePageTest" name="homePageNavigation" time="9.724"/>
  <testcase classname="practice.eCartApp.HomePageTest" name="cartPromoPage" time="11.345"/>
  <testcase classname="practice.eCartApp.HomePageTest" name="checkoutPage" time="0.344"/>
</testsuite> <!-- Validating Cart -->
