<?xml version="1.0" encoding="UTF-8"?>
<!-- Generated by org.testng.reporters.JUnitXMLReporter -->
<testsuite ignored="0" hostname="HAMILTON-QA1L" failures="0" tests="3" name="Validating Cart" time="19.856" errors="0" timestamp="2022-08-21T13:53:16 IST">
  <testcase classname="practice.eCartApp.HomePageTest" name="homePageNavigation" time="8.259"/>
  <testcase classname="practice.eCartApp.HomePageTest" name="cartPromoPage" time="11.207"/>
  <testcase classname="practice.eCartApp.HomePageTest" name="checkoutPage" time="0.156"/>
</testsuite> <!-- Validating Cart -->
