<?xml version="1.0" encoding="UTF-8"?>
<!-- Generated by org.testng.reporters.JUnitXMLReporter -->
<testsuite ignored="0" hostname="HAMILTON-QA1L" failures="1" tests="1" name="Validating Page" time="5.57" errors="0" timestamp="2022-08-21T13:28:03 IST">
  <testcase classname="practice.eCartApp.ValidateTest" name="cartApp" time="5.276">
    <failure type="java.lang.AssertionError" message="expected [GREENMART] but found [GREENKART]">
      <![CDATA[java.lang.AssertionError: expected [GREENMART] but found [GREENKART]
at practice.eCartApp.ValidateTest.cartApp(ValidateTest.java:27)
at java.base/java.util.ArrayList.forEach(ArrayList.java:1540)
at java.base/java.util.concurrent.FutureTask.run(FutureTask.java:264)
at java.base/java.util.concurrent.ThreadPoolExecutor.runWorker(ThreadPoolExecutor.java:1128)
at java.base/java.util.concurrent.ThreadPoolExecutor$Worker.run(ThreadPoolExecutor.java:628)
at java.base/java.lang.Thread.run(Thread.java:834)
... Removed 24 stack frames]]>
    </failure>
  </testcase> <!-- cartApp -->
</testsuite> <!-- Validating Page -->
