<?xml version="1.0" encoding="UTF-8"?>
<!-- Generated by org.testng.reporters.JUnitXMLReporter -->
<testsuite ignored="0" hostname="HAMILTON-QA1L" failures="0" tests="3" name="Validating Cart" time="20.095" errors="0" timestamp="2022-08-20T21:00:45 IST">
  <testcase classname="practice.eCartApp.HomePageTest" name="homePageNavigation" time="8.226"/>
  <testcase classname="practice.eCartApp.HomePageTest" name="cartPromoPage" time="11.324"/>
  <testcase classname="practice.eCartApp.HomePageTest" name="checkoutPage" time="0.301"/>
</testsuite> <!-- Validating Cart -->
