<?xml version="1.0" encoding="UTF-8"?>
<testng-results ignored="0" total="4" passed="3" failed="1" skipped="0">
  <reporter-output>
  </reporter-output>
  <suite started-at="2022-08-22T14:16:40 IST" name="Suite" finished-at="2022-08-22T14:17:01 IST" duration-ms="21552">
    <groups>
    </groups>
    <test started-at="2022-08-22T14:16:40 IST" name="Validating Cart" finished-at="2022-08-22T14:16:58 IST" duration-ms="18464">
      <class name="practice.eCartApp.HomePageTest">
        <test-method signature="homePageNavigation()[pri:1, instance:practice.eCartApp.HomePageTest@3676ac27]" started-at="2022-08-22T14:16:40 IST" name="homePageNavigation" finished-at="2022-08-22T14:16:47 IST" duration-ms="6863" status="PASS">
          <reporter-output>
          </reporter-output>
        </test-method> <!-- homePageNavigation -->
        <test-method signature="cartPromoPage()[pri:2, instance:practice.eCartApp.HomePageTest@3676ac27]" started-at="2022-08-22T14:16:47 IST" name="cartPromoPage" finished-at="2022-08-22T14:16:58 IST" duration-ms="11200" status="PASS">
          <reporter-output>
          </reporter-output>
        </test-method> <!-- cartPromoPage -->
        <test-method signature="checkoutPage()[pri:3, instance:practice.eCartApp.HomePageTest@3676ac27]" started-at="2022-08-22T14:16:58 IST" name="checkoutPage" finished-at="2022-08-22T14:16:58 IST" duration-ms="183" status="PASS">
          <reporter-output>
          </reporter-output>
        </test-method> <!-- checkoutPage -->
        <test-method is-config="true" signature="aftTest()[pri:0, instance:practice.eCartApp.HomePageTest@3676ac27]" started-at="2022-08-22T14:16:58 IST" name="aftTest" finished-at="2022-08-22T14:16:58 IST" duration-ms="187" status="PASS">
          <reporter-output>
          </reporter-output>
        </test-method> <!-- aftTest -->
      </class> <!-- practice.eCartApp.HomePageTest -->
    </test> <!-- Validating Cart -->
    <test started-at="2022-08-22T14:16:58 IST" name="Validating Page" finished-at="2022-08-22T14:17:01 IST" duration-ms="2827">
      <class name="practice.eCartApp.ValidateTest">
        <test-method signature="cartApp()[pri:0, instance:practice.eCartApp.ValidateTest@48e64352]" started-at="2022-08-22T14:16:58 IST" name="cartApp" finished-at="2022-08-22T14:17:01 IST" duration-ms="2595" status="FAIL">
          <exception class="java.lang.AssertionError">
            <message>
              <![CDATA[expected [GREENMART] but found [GREENKART]]]>
            </message>
            <full-stacktrace>
              <![CDATA[java.lang.AssertionError: expected [GREENMART] but found [GREENKART]
at org.testng.Assert.fail(Assert.java:110)
at org.testng.Assert.failNotEquals(Assert.java:1413)
at org.testng.Assert.assertEqualsImpl(Assert.java:149)
at org.testng.Assert.assertEquals(Assert.java:131)
at org.testng.Assert.assertEquals(Assert.java:655)
at org.testng.Assert.assertEquals(Assert.java:665)
at practice.eCartApp.ValidateTest.cartApp(ValidateTest.java:27)
at java.base/jdk.internal.reflect.NativeMethodAccessorImpl.invoke0(Native Method)
at java.base/jdk.internal.reflect.NativeMethodAccessorImpl.invoke(NativeMethodAccessorImpl.java:78)
at java.base/jdk.internal.reflect.DelegatingMethodAccessorImpl.invoke(DelegatingMethodAccessorImpl.java:43)
at java.base/java.lang.reflect.Method.invoke(Method.java:567)
at org.testng.internal.invokers.MethodInvocationHelper.invokeMethod(MethodInvocationHelper.java:135)
at org.testng.internal.invokers.TestInvoker.invokeMethod(TestInvoker.java:673)
at org.testng.internal.invokers.TestInvoker.invokeTestMethod(TestInvoker.java:220)
at org.testng.internal.invokers.MethodRunner.runInSequence(MethodRunner.java:50)
at org.testng.internal.invokers.TestInvoker$MethodInvocationAgent.invoke(TestInvoker.java:945)
at org.testng.internal.invokers.TestInvoker.invokeTestMethods(TestInvoker.java:193)
at org.testng.internal.invokers.TestMethodWorker.invokeTestMethods(TestMethodWorker.java:146)
at org.testng.internal.invokers.TestMethodWorker.run(TestMethodWorker.java:128)
at java.base/java.util.ArrayList.forEach(ArrayList.java:1511)
at org.testng.TestRunner.privateRun(TestRunner.java:808)
at org.testng.TestRunner.run(TestRunner.java:603)
at org.testng.SuiteRunner.runTest(SuiteRunner.java:429)
at org.testng.SuiteRunner.runSequentially(SuiteRunner.java:423)
at org.testng.SuiteRunner.privateRun(SuiteRunner.java:383)
at org.testng.SuiteRunner.run(SuiteRunner.java:326)
at org.testng.SuiteRunnerWorker.runSuite(SuiteRunnerWorker.java:52)
at org.testng.SuiteRunnerWorker.run(SuiteRunnerWorker.java:95)
at org.testng.TestNG.runSuitesSequentially(TestNG.java:1249)
at org.testng.TestNG.runSuitesLocally(TestNG.java:1169)
at org.testng.TestNG.runSuites(TestNG.java:1092)
at org.testng.TestNG.run(TestNG.java:1060)
at org.testng.remote.AbstractRemoteTestNG.run(AbstractRemoteTestNG.java:115)
at org.testng.remote.RemoteTestNG.initAndRun(RemoteTestNG.java:251)
at org.testng.remote.RemoteTestNG.main(RemoteTestNG.java:77)
]]>
            </full-stacktrace>
          </exception> <!-- java.lang.AssertionError -->
          <reporter-output>
          </reporter-output>
        </test-method> <!-- cartApp -->
      </class> <!-- practice.eCartApp.ValidateTest -->
    </test> <!-- Validating Page -->
  </suite> <!-- Suite -->
</testng-results>
