<?xml version="1.0" encoding="UTF-8"?>
<testng-results ignored="0" total="4" passed="4" failed="0" skipped="0">
  <reporter-output>
  </reporter-output>
  <suite started-at="2022-08-21T22:39:37 IST" name="Suite" finished-at="2022-08-21T22:40:02 IST" duration-ms="24921">
    <groups>
    </groups>
    <test started-at="2022-08-21T22:39:37 IST" name="Validating Cart" finished-at="2022-08-21T22:39:59 IST" duration-ms="21718">
      <class name="practice.eCartApp.HomePageTest">
        <test-method signature="homePageNavigation()[pri:1, instance:practice.eCartApp.HomePageTest@3676ac27]" started-at="2022-08-21T22:39:37 IST" name="homePageNavigation" finished-at="2022-08-21T22:39:47 IST" duration-ms="9724" status="PASS">
          <reporter-output>
          </reporter-output>
        </test-method> <!-- homePageNavigation -->
        <test-method signature="cartPromoPage()[pri:2, instance:practice.eCartApp.HomePageTest@3676ac27]" started-at="2022-08-21T22:39:47 IST" name="cartPromoPage" finished-at="2022-08-21T22:39:58 IST" duration-ms="11345" status="PASS">
          <reporter-output>
          </reporter-output>
        </test-method> <!-- cartPromoPage -->
        <test-method signature="checkoutPage()[pri:3, instance:practice.eCartApp.HomePageTest@3676ac27]" started-at="2022-08-21T22:39:58 IST" name="checkoutPage" finished-at="2022-08-21T22:39:58 IST" duration-ms="344" status="PASS">
          <reporter-output>
          </reporter-output>
        </test-method> <!-- checkoutPage -->
        <test-method is-config="true" signature="aftTest()[pri:0, instance:practice.eCartApp.HomePageTest@3676ac27]" started-at="2022-08-21T22:39:58 IST" name="aftTest" finished-at="2022-08-21T22:39:59 IST" duration-ms="256" status="PASS">
          <reporter-output>
          </reporter-output>
        </test-method> <!-- aftTest -->
      </class> <!-- practice.eCartApp.HomePageTest -->
    </test> <!-- Validating Cart -->
    <test started-at="2022-08-21T22:39:59 IST" name="Validating Page" finished-at="2022-08-21T22:40:02 IST" duration-ms="2920">
      <class name="practice.eCartApp.ValidateTest">
        <test-method signature="cartApp()[pri:0, instance:practice.eCartApp.ValidateTest@1827a871]" started-at="2022-08-21T22:39:59 IST" name="cartApp" finished-at="2022-08-21T22:40:02 IST" duration-ms="2918" status="PASS">
          <reporter-output>
          </reporter-output>
        </test-method> <!-- cartApp -->
      </class> <!-- practice.eCartApp.ValidateTest -->
    </test> <!-- Validating Page -->
  </suite> <!-- Suite -->
</testng-results>
